<?xml version="1.0" encoding="UTF-8"?>
<testng-results ignored="0" total="1" passed="1" failed="0" skipped="0">
  <reporter-output>
  </reporter-output>
  <suite started-at="2024-01-25T12:17:06 IST" name="Default suite" finished-at="2024-01-25T12:17:08 IST" duration-ms="1556">
    <groups>
    </groups>
    <test started-at="2024-01-25T12:17:06 IST" name="Default test" finished-at="2024-01-25T12:17:08 IST" duration-ms="1556">
      <class name="com.simplilearn.capstoneshoe.selenium.RegistrationPageTest">
        <test-method is-config="true" signature="setUp()[pri:0, instance:com.simplilearn.capstoneshoe.selenium.RegistrationPageTest@f6efaab]" started-at="2024-01-25T12:17:06 IST" name="setUp" finished-at="2024-01-25T12:17:08 IST" duration-ms="1388" status="PASS">
          <reporter-output>
          </reporter-output>
        </test-method> <!-- setUp -->
        <test-method signature="testRegisterUserPageTitle()[pri:1, instance:com.simplilearn.capstoneshoe.selenium.RegistrationPageTest@f6efaab]" started-at="2024-01-25T12:17:08 IST" name="testRegisterUserPageTitle" finished-at="2024-01-25T12:17:08 IST" duration-ms="19" status="PASS">
          <reporter-output>
          </reporter-output>
        </test-method> <!-- testRegisterUserPageTitle -->
        <test-method is-config="true" signature="tearDown()[pri:0, instance:com.simplilearn.capstoneshoe.selenium.RegistrationPageTest@f6efaab]" started-at="2024-01-25T12:17:08 IST" name="tearDown" finished-at="2024-01-25T12:17:08 IST" duration-ms="109" status="PASS">
          <reporter-output>
          </reporter-output>
        </test-method> <!-- tearDown -->
      </class> <!-- com.simplilearn.capstoneshoe.selenium.RegistrationPageTest -->
    </test> <!-- Default test -->
  </suite> <!-- Default suite -->
</testng-results>
